<?xml version="1.0" encoding="UTF-8"?>
<!-- Generated by org.testng.reporters.JUnitReportReporter -->
<testsuite hostname="DESKTOP-D3D2RB5" failures="0" tests="1" name="com.tutorialsninga.qa.testcase.PracticeTest" time="18.588" errors="0" timestamp="2024-07-15T01:22:33 IST" skipped="0">
  <testcase classname="com.tutorialsninga.qa.testcase.PracticeTest" name="test1" time="18.588"/>
  <system-out/>
</testsuite> <!-- com.tutorialsninga.qa.testcase.PracticeTest -->
