<?xml version="1.0" encoding="UTF-8"?>
<!-- Generated by org.testng.reporters.JUnitReportReporter -->
<testsuite hostname="DESKTOP-D3D2RB5" failures="0" tests="1" name="com.tutorialsninga.qa.testcase.CameraWishlistTest" time="8.394" errors="0" timestamp="2024-06-24T21:12:10 IST" skipped="0">
  <testcase classname="com.tutorialsninga.qa.testcase.CameraWishlistTest" name="addTocartFuvtionalty" time="8.394"/>
  <system-out/>
</testsuite> <!-- com.tutorialsninga.qa.testcase.CameraWishlistTest -->
